<?xml version="1.0" encoding="UTF-8"?>
<!-- Generated by org.testng.reporters.JUnitReportReporter -->
<testsuite hostname="DESKTOP-KMCTGLT" failures="0" tests="1" name="com.project_export_Test_Cases.Table_of_10" time="70.147" errors="0" timestamp="2022-05-26T14:52:24 IST" skipped="0">
  <testcase classname="com.project_export_Test_Cases.Table_of_10" name="test_As_BookerandMemberwithSubmitand_50percentCoupenCode" time="70.147"/>
  <system-out/>
</testsuite> <!-- com.project_export_Test_Cases.Table_of_10 -->
