<?xml version="1.0" encoding="UTF-8"?>
<!-- Generated by org.testng.reporters.JUnitReportReporter -->
<testsuite hostname="DESKTOP-KMCTGLT" failures="0" tests="1" name="com.project_export_Test_Cases.Ticket_Booking_registeredUser" time="24.795" errors="0" timestamp="2022-05-26T17:31:06 IST" skipped="0">
  <testcase classname="com.project_export_Test_Cases.Ticket_Booking_registeredUser" name="Test001_ticketBookingRegisteredUser_withStadiumTour" time="24.795"/>
  <system-out/>
</testsuite> <!-- com.project_export_Test_Cases.Ticket_Booking_registeredUser -->
