<?xml version="1.0" encoding="UTF-8"?>
<!-- Generated by org.testng.reporters.JUnitReportReporter -->
<testsuite hostname="DESKTOP-KMCTGLT" failures="0" tests="4" name="com.project_export_Test_Cases.SME_Zone_Test" time="64.066" errors="0" timestamp="2022-06-03T14:48:57 IST" skipped="0">
  <testcase classname="com.project_export_Test_Cases.SME_Zone_Test" name="Test022_Send_Q_to_Speaker_InvalidDetails" time="14.425"/>
  <system-out/>
  <testcase classname="com.project_export_Test_Cases.SME_Zone_Test" name="Test021_Send_Q_to_Speaker_validDetails" time="18.120"/>
  <system-out/>
  <testcase classname="com.project_export_Test_Cases.SME_Zone_Test" name="Test024_Send_Q_to_SME_InvalidDetails" time="12.111"/>
  <system-out/>
  <testcase classname="com.project_export_Test_Cases.SME_Zone_Test" name="Test023_Send_Q_to_SME_validDetails" time="19.410"/>
  <system-out/>
</testsuite> <!-- com.project_export_Test_Cases.SME_Zone_Test -->
