<?xml version="1.0" encoding="UTF-8"?>
<!-- Generated by org.testng.reporters.JUnitReportReporter -->
<testsuite hostname="DESKTOP-KMCTGLT" failures="0" tests="1" name="com.project_export_Test_Cases.Contact_Test" time="26.045" errors="0" timestamp="2022-06-01T18:34:39 IST" skipped="0">
  <testcase classname="com.project_export_Test_Cases.Contact_Test" name="Test0019_contact_with_InvalidDetails" time="26.045"/>
  <system-out/>
</testsuite> <!-- com.project_export_Test_Cases.Contact_Test -->
