<?xml version="1.0" encoding="UTF-8"?>
<!-- Generated by org.testng.reporters.JUnitReportReporter -->
<testsuite hostname="DESKTOP-KMCTGLT" failures="0" tests="2" name="com.project_export_Test_Cases.SME_Zone_Test" time="33.036" errors="0" timestamp="2022-06-01T18:43:01 IST" skipped="0">
  <testcase classname="com.project_export_Test_Cases.SME_Zone_Test" name="Test021_Send_Q_to_SME_InvalidDetails" time="13.918"/>
  <system-out/>
  <testcase classname="com.project_export_Test_Cases.SME_Zone_Test" name="Test020_Send_Q_to_Speaker_InvalidDetails" time="19.118"/>
  <system-out/>
</testsuite> <!-- com.project_export_Test_Cases.SME_Zone_Test -->
