<?xml version="1.0" encoding="UTF-8"?>
<!-- Generated by org.testng.reporters.JUnitReportReporter -->
<testsuite hostname="DESKTOP-KMCTGLT" failures="0" tests="1" name="com.project_export_Test_Cases.Contact_Test" time="16.473" errors="0" timestamp="2022-05-19T15:01:21 IST" skipped="0">
  <testcase classname="com.project_export_Test_Cases.Contact_Test" name="conttest" time="16.473"/>
  <system-out/>
</testsuite> <!-- com.project_export_Test_Cases.Contact_Test -->
