<?xml version="1.0" encoding="UTF-8"?>
<!-- Generated by org.testng.reporters.JUnitReportReporter -->
<testsuite hostname="DESKTOP-KMCTGLT" failures="0" tests="10" name="com.project_export_Test_Cases.Table_of_10" time="430.709" errors="0" timestamp="2022-06-03T14:48:57 IST" skipped="0">
  <testcase classname="com.project_export_Test_Cases.Table_of_10" name="Test009_As_BookerwithSaveand_ValidDetails" time="36.760"/>
  <system-out/>
  <testcase classname="com.project_export_Test_Cases.Table_of_10" name="Test014_As_BookerandMemberwithSubmitand_50percentCoupenCode" time="56.777"/>
  <system-out/>
  <testcase classname="com.project_export_Test_Cases.Table_of_10" name="Test011_As_BookerandMemberwithSubmitand_ValidDetails" time="58.426"/>
  <system-out/>
  <testcase classname="com.project_export_Test_Cases.Table_of_10" name="Test012_As_BookerandMemberwithSubmitand_InvalidDetails" time="41.504"/>
  <system-out/>
  <testcase classname="com.project_export_Test_Cases.Table_of_10" name="Test008_As_BookerwithSubmitand_InvalidDetails" time="38.766"/>
  <system-out/>
  <testcase classname="com.project_export_Test_Cases.Table_of_10" name="Test007_As_BookerwithSubmitand_ValidDetails" time="59.816"/>
  <system-out/>
  <testcase classname="com.project_export_Test_Cases.Table_of_10" name="Test016_As_BookerandMemberwithSubmitand_InvalidCoupenCode" time="31.191"/>
  <system-out/>
  <testcase classname="com.project_export_Test_Cases.Table_of_10" name="Test013_As_BookerandMemberwithSaveand_ValidDetails" time="36.188"/>
  <system-out/>
  <testcase classname="com.project_export_Test_Cases.Table_of_10" name="Test015_As_BookerandMemberwithSubmitand_100percentCoupenCode" time="51.354"/>
  <system-out/>
  <testcase classname="com.project_export_Test_Cases.Table_of_10" name="Test010_As_BookerwithSaveand_InvalidDetails" time="19.927"/>
  <system-out/>
</testsuite> <!-- com.project_export_Test_Cases.Table_of_10 -->
