<?xml version="1.0" encoding="UTF-8"?>
<!-- Generated by org.testng.reporters.JUnitReportReporter -->
<testsuite hostname="DESKTOP-KMCTGLT" failures="0" tests="1" name="com.project_export_Test_Cases.Table_of_10" time="27.002" errors="0" timestamp="2022-05-26T16:51:33 IST" skipped="0">
  <testcase classname="com.project_export_Test_Cases.Table_of_10" name="test_As_BookerandMemberwithSubmitand_InvalidCoupenCode" time="27.002"/>
  <system-out/>
</testsuite> <!-- com.project_export_Test_Cases.Table_of_10 -->
