<?xml version="1.0" encoding="UTF-8"?>
<!-- Generated by org.testng.reporters.JUnitReportReporter -->
<testsuite hostname="DESKTOP-KMCTGLT" failures="0" tests="3" name="com.project_export_Test_Cases.Table_of_10" time="109.908" errors="0" timestamp="2022-06-01T13:23:51 IST" skipped="0">
  <testcase classname="com.project_export_Test_Cases.Table_of_10" name="Test016_As_BookerandMemberwithSubmitand_InvalidCoupenCode" time="29.078"/>
  <system-out/>
  <testcase classname="com.project_export_Test_Cases.Table_of_10" name="Test009_As_BookerwithSaveand_ValidDetails" time="37.383"/>
  <system-out/>
  <testcase classname="com.project_export_Test_Cases.Table_of_10" name="Test013_As_BookerandMemberwithSaveand_ValidDetails" time="43.447"/>
  <system-out/>
</testsuite> <!-- com.project_export_Test_Cases.Table_of_10 -->
