<?xml version="1.0" encoding="UTF-8"?>
<!-- Generated by org.testng.reporters.JUnitReportReporter -->
<testsuite hostname="DESKTOP-KMCTGLT" failures="0" tests="6" name="com.project_export_Test_Cases.Ticket_Booking_registeredUser" time="137.174" errors="0" timestamp="2022-06-03T14:48:57 IST" skipped="0">
  <testcase classname="com.project_export_Test_Cases.Ticket_Booking_registeredUser" name="Test001_ticketBookingRegisteredUser_withValidDetails" time="21.606"/>
  <system-out/>
  <testcase classname="com.project_export_Test_Cases.Ticket_Booking_registeredUser" name="Test004_ticketBookingRegisteredUser_with100percentValidCoupenCodeDetails" time="31.863"/>
  <system-out/>
  <testcase classname="com.project_export_Test_Cases.Ticket_Booking_registeredUser" name="Test003_ticketBookingRegisteredUser_with50percentValidCoupenCodeDetails" time="24.519"/>
  <system-out/>
  <testcase classname="com.project_export_Test_Cases.Ticket_Booking_registeredUser" name="Test005_ticketBookingRegisteredUser_withInvalidCoupenCodeDetails" time="21.045"/>
  <system-out/>
  <testcase classname="com.project_export_Test_Cases.Ticket_Booking_registeredUser" name="Test006_ticketBookingRegisteredUser_withStadiumTour" time="20.119"/>
  <system-out/>
  <testcase classname="com.project_export_Test_Cases.Ticket_Booking_registeredUser" name="Test002_ticketBookingRegisteredUser_withInvalidDetails" time="18.022"/>
  <system-out/>
</testsuite> <!-- com.project_export_Test_Cases.Ticket_Booking_registeredUser -->
