<?xml version="1.0" encoding="UTF-8"?>
<!-- Generated by org.testng.reporters.JUnitReportReporter -->
<testsuite hostname="DESKTOP-KMCTGLT" failures="0" tests="2" name="com.project_export_Test_Cases.Contact_Test" time="38.778" errors="0" timestamp="2022-06-03T14:48:57 IST" skipped="0">
  <testcase classname="com.project_export_Test_Cases.Contact_Test" name="Test0019_contact_withvalidDetails" time="19.365"/>
  <system-out/>
  <testcase classname="com.project_export_Test_Cases.Contact_Test" name="Test0020_contact_with_InvalidDetails" time="19.413"/>
  <system-out/>
</testsuite> <!-- com.project_export_Test_Cases.Contact_Test -->
